C51 COMPILER V9.01   BUZZ                                                                  01/01/2017 23:33:35 PAGE 1   


C51 COMPILER V9.01, COMPILATION OF MODULE BUZZ
OBJECT MODULE PLACED IN buzz.OBJ
COMPILER INVOKED BY: C:\Keil\C51\BIN\C51.EXE buzz.c BROWSE DEBUG OBJECTEXTEND TABS(2)

line level    source

   1          #include "reg52.h"
   2          #include "is_compatible.h"
   3          #include "delay.h"
   4          #include "buzz.h"
   5          
   6          static void use_buzz_io (bool is_use_flag)
   7          {
   8   1        if(is_use_flag) 
   9   1        {
  10   2          buzz_io = 0;
  11   2        }
  12   1        else
  13   1        {
  14   2          buzz_io = 1;
  15   2        }
  16   1      }
  17          
  18          
  19          void buzz_count_di(int count)
  20          {
  21   1        while(count--)
  22   1        {
  23   2        use_buzz_io(true);
  24   2        delayms(200);
  25   2        use_buzz_io(false);
  26   2        delayms(200);
  27   2        }
  28   1        use_buzz_io(false);
  29   1      }


MODULE INFORMATION:   STATIC OVERLAYABLE
   CODE SIZE        =     57    ----
   CONSTANT SIZE    =   ----    ----
   XDATA SIZE       =   ----    ----
   PDATA SIZE       =   ----    ----
   DATA SIZE        =   ----       2
   IDATA SIZE       =   ----    ----
   BIT SIZE         =   ----    ----
END OF MODULE INFORMATION.


C51 COMPILATION COMPLETE.  0 WARNING(S),  0 ERROR(S)
