C51 COMPILER V9.01   DELAY                                                                 01/01/2017 23:33:34 PAGE 1   


C51 COMPILER V9.01, COMPILATION OF MODULE DELAY
OBJECT MODULE PLACED IN delay.OBJ
COMPILER INVOKED BY: C:\Keil\C51\BIN\C51.EXE delay.c BROWSE DEBUG OBJECTEXTEND TABS(2)

line level    source

   1          #include "reg52.h"
   2          #include "intrins.h"
   3          #include "delay.h"
   4          
   5          void delayms(int i)  
   6          {
   7   1          unsigned char a,b,c;
   8   1          while(i--)
   9   1          {
  10   2          for(c=1;c>0;c--)
  11   2              for(b=142;b>0;b--)
  12   2                  for(a=2;a>0;a--);
  13   2          }
  14   1      }
  15          
  16          void delays(int i)    
  17          {
  18   1          unsigned char a,b,c;
  19   1        while(i--)
  20   1        {
  21   2          for(c=167;c>0;c--)
  22   2              for(b=171;b>0;b--)
  23   2                  for(a=16;a>0;a--);
  24   2          _nop_();  //if Keil,require use intrins.h
  25   2        }
  26   1      }


MODULE INFORMATION:   STATIC OVERLAYABLE
   CODE SIZE        =     56    ----
   CONSTANT SIZE    =   ----    ----
   XDATA SIZE       =   ----    ----
   PDATA SIZE       =   ----    ----
   DATA SIZE        =   ----    ----
   IDATA SIZE       =   ----    ----
   BIT SIZE         =   ----    ----
END OF MODULE INFORMATION.


C51 COMPILATION COMPLETE.  0 WARNING(S),  0 ERROR(S)
